{"/Users/rodrigobranas/development/workspace/branas/live_ocp_strategy/src/GetReservation.ts": {"path":"/Users/rodrigobranas/development/workspace/branas/live_ocp_strategy/src/GetReservation.ts","statementMap":{"0":{"start":{"line":5,"column":23},"end":{"line":5,"column":67}},"1":{"start":{"line":10,"column":22},"end":{"line":10,"column":73}},"2":{"start":{"line":11,"column":2},"end":{"line":20,"column":null}},"3":{"start":{"line":3,"column":0},"end":{"line":3,"column":21}}},"fnMap":{"0":{"name":"(anonymous_7)","decl":{"start":{"line":5,"column":1},"end":{"line":5,"column":23}},"loc":{"start":{"line":5,"column":67},"end":{"line":7,"column":2}}},"1":{"name":"(anonymous_8)","decl":{"start":{"line":9,"column":7},"end":{"line":9,"column":14}},"loc":{"start":{"line":9,"column":37},"end":{"line":21,"column":null}}}},"branchMap":{},"s":{"0":1,"1":1,"2":1,"3":1},"f":{"0":1,"1":1},"b":{}}
,"/Users/rodrigobranas/development/workspace/branas/live_ocp_strategy/src/MakeReservation.ts": {"path":"/Users/rodrigobranas/development/workspace/branas/live_ocp_strategy/src/MakeReservation.ts","statementMap":{"0":{"start":{"line":1,"column":0},"end":{"line":1,"column":40}},"1":{"start":{"line":7,"column":23},"end":{"line":7,"column":53}},"2":{"start":{"line":7,"column":64},"end":{"line":7,"column":108}},"3":{"start":{"line":12,"column":15},"end":{"line":12,"column":58}},"4":{"start":{"line":13,"column":22},"end":{"line":13,"column":106}},"5":{"start":{"line":14,"column":2},"end":{"line":14,"column":30}},"6":{"start":{"line":15,"column":2},"end":{"line":15,"column":53}},"7":{"start":{"line":16,"column":2},"end":{"line":18,"column":null}},"8":{"start":{"line":5,"column":0},"end":{"line":5,"column":21}}},"fnMap":{"0":{"name":"(anonymous_8)","decl":{"start":{"line":7,"column":1},"end":{"line":7,"column":23}},"loc":{"start":{"line":7,"column":108},"end":{"line":9,"column":2}}},"1":{"name":"(anonymous_9)","decl":{"start":{"line":11,"column":7},"end":{"line":11,"column":14}},"loc":{"start":{"line":11,"column":28},"end":{"line":19,"column":null}}}},"branchMap":{},"s":{"0":1,"1":1,"2":1,"3":1,"4":1,"5":1,"6":1,"7":1,"8":1},"f":{"0":1,"1":1},"b":{}}
,"/Users/rodrigobranas/development/workspace/branas/live_ocp_strategy/src/Reservation.ts": {"path":"/Users/rodrigobranas/development/workspace/branas/live_ocp_strategy/src/Reservation.ts","statementMap":{"0":{"start":{"line":2,"column":0},"end":{"line":2,"column":28}},"1":{"start":{"line":7,"column":23},"end":{"line":7,"column":44}},"2":{"start":{"line":7,"column":55},"end":{"line":7,"column":69}},"3":{"start":{"line":7,"column":80},"end":{"line":7,"column":93}},"4":{"start":{"line":7,"column":104},"end":{"line":7,"column":121}},"5":{"start":{"line":7,"column":132},"end":{"line":7,"column":150}},"6":{"start":{"line":7,"column":160},"end":{"line":7,"column":176}},"7":{"start":{"line":7,"column":186},"end":{"line":7,"column":199}},"8":{"start":{"line":7,"column":209},"end":{"line":7,"column":223}},"9":{"start":{"line":11,"column":24},"end":{"line":11,"column":43}},"10":{"start":{"line":12,"column":19},"end":{"line":12,"column":20}},"11":{"start":{"line":13,"column":16},"end":{"line":13,"column":17}},"12":{"start":{"line":14,"column":17},"end":{"line":14,"column":25}},"13":{"start":{"line":15,"column":2},"end":{"line":15,"column":107}},"14":{"start":{"line":19,"column":2},"end":{"line":19,"column":93}},"15":{"start":{"line":20,"column":2},"end":{"line":20,"column":42}},"16":{"start":{"line":24,"column":2},"end":{"line":24,"column":21}},"17":{"start":{"line":28,"column":2},"end":{"line":28,"column":23}},"18":{"start":{"line":32,"column":2},"end":{"line":32,"column":20}},"19":{"start":{"line":5,"column":0},"end":{"line":5,"column":21}}},"fnMap":{"0":{"name":"(anonymous_1)","decl":{"start":{"line":7,"column":1},"end":{"line":7,"column":23}},"loc":{"start":{"line":7,"column":223},"end":{"line":8,"column":2}}},"1":{"name":"(anonymous_2)","decl":{"start":{"line":10,"column":1},"end":{"line":10,"column":7}},"loc":{"start":{"line":10,"column":84},"end":{"line":16,"column":2}}},"2":{"name":"(anonymous_3)","decl":{"start":{"line":18,"column":1},"end":{"line":18,"column":10}},"loc":{"start":{"line":18,"column":22},"end":{"line":21,"column":2}}},"3":{"name":"(anonymous_4)","decl":{"start":{"line":23,"column":1},"end":{"line":23,"column":10}},"loc":{"start":{"line":23,"column":10},"end":{"line":25,"column":2}}},"4":{"name":"(anonymous_5)","decl":{"start":{"line":27,"column":1},"end":{"line":27,"column":12}},"loc":{"start":{"line":27,"column":12},"end":{"line":29,"column":2}}},"5":{"name":"(anonymous_6)","decl":{"start":{"line":31,"column":1},"end":{"line":31,"column":9}},"loc":{"start":{"line":31,"column":9},"end":{"line":33,"column":2}}}},"branchMap":{},"s":{"0":1,"1":2,"2":2,"3":2,"4":2,"5":2,"6":2,"7":2,"8":2,"9":1,"10":1,"11":1,"12":1,"13":1,"14":1,"15":1,"16":2,"17":2,"18":2,"19":1},"f":{"0":2,"1":1,"2":1,"3":2,"4":2,"5":2},"b":{}}
,"/Users/rodrigobranas/development/workspace/branas/live_ocp_strategy/src/ReservationRepository.ts": {"path":"/Users/rodrigobranas/development/workspace/branas/live_ocp_strategy/src/ReservationRepository.ts","statementMap":{"0":{"start":{"line":1,"column":0},"end":{"line":1,"column":40}},"1":{"start":{"line":2,"column":0},"end":{"line":2,"column":29}},"2":{"start":{"line":13,"column":21},"end":{"line":13,"column":75}},"3":{"start":{"line":14,"column":2},"end":{"line":14,"column":381}},"4":{"start":{"line":15,"column":2},"end":{"line":15,"column":31}},"5":{"start":{"line":19,"column":21},"end":{"line":19,"column":75}},"6":{"start":{"line":20,"column":28},"end":{"line":20,"column":129}},"7":{"start":{"line":21,"column":2},"end":{"line":21,"column":31}},"8":{"start":{"line":22,"column":2},"end":{"line":22,"column":263}},"9":{"start":{"line":10,"column":0},"end":{"line":10,"column":13}}},"fnMap":{"0":{"name":"(anonymous_8)","decl":{"start":{"line":12,"column":7},"end":{"line":12,"column":11}},"loc":{"start":{"line":12,"column":36},"end":{"line":16,"column":null}}},"1":{"name":"(anonymous_10)","decl":{"start":{"line":18,"column":7},"end":{"line":18,"column":10}},"loc":{"start":{"line":18,"column":32},"end":{"line":23,"column":null}}}},"branchMap":{},"s":{"0":1,"1":1,"2":1,"3":1,"4":1,"5":1,"6":1,"7":1,"8":1,"9":1},"f":{"0":1,"1":1},"b":{}}
,"/Users/rodrigobranas/development/workspace/branas/live_ocp_strategy/src/Room.ts": {"path":"/Users/rodrigobranas/development/workspace/branas/live_ocp_strategy/src/Room.ts","statementMap":{"0":{"start":{"line":3,"column":23},"end":{"line":3,"column":37}},"1":{"start":{"line":3,"column":48},"end":{"line":3,"column":60}},"2":{"start":{"line":3,"column":71},"end":{"line":3,"column":84}},"3":{"start":{"line":1,"column":0},"end":{"line":1,"column":21}}},"fnMap":{"0":{"name":"(anonymous_0)","decl":{"start":{"line":3,"column":1},"end":{"line":3,"column":23}},"loc":{"start":{"line":3,"column":84},"end":{"line":4,"column":2}}}},"branchMap":{},"s":{"0":1,"1":1,"2":1,"3":1},"f":{"0":1},"b":{}}
,"/Users/rodrigobranas/development/workspace/branas/live_ocp_strategy/src/RoomRepository.ts": {"path":"/Users/rodrigobranas/development/workspace/branas/live_ocp_strategy/src/RoomRepository.ts","statementMap":{"0":{"start":{"line":1,"column":0},"end":{"line":1,"column":26}},"1":{"start":{"line":2,"column":0},"end":{"line":2,"column":29}},"2":{"start":{"line":11,"column":21},"end":{"line":11,"column":75}},"3":{"start":{"line":12,"column":21},"end":{"line":12,"column":101}},"4":{"start":{"line":13,"column":2},"end":{"line":13,"column":31}},"5":{"start":{"line":14,"column":2},"end":{"line":14,"column":79}},"6":{"start":{"line":8,"column":0},"end":{"line":8,"column":13}}},"fnMap":{"0":{"name":"(anonymous_8)","decl":{"start":{"line":10,"column":7},"end":{"line":10,"column":10}},"loc":{"start":{"line":10,"column":25},"end":{"line":15,"column":null}}}},"branchMap":{},"s":{"0":1,"1":1,"2":1,"3":1,"4":1,"5":1,"6":1},"f":{"0":1},"b":{}}
}
